Base path: 'D:/Program Files/Unity/Hub/Editor/Editor/Data', plugins path 'D:/Program Files/Unity/Hub/Editor/Editor/Data/PlaybackEngines'
Cmd: initializeCompiler
Cmd: preprocess
  insize=9278 outsize=2053 ok=1
Cmd: preprocess
  insize=3684 outsize=660 ok=1
Cmd: preprocess
  insize=1299 outsize=311 ok=1
Cmd: preprocess
  insize=4189 outsize=541 ok=1
Cmd: preprocess
  insize=11359 outsize=706 ok=1
Cmd: preprocess
  insize=976 outsize=976 ok=1
Cmd: preprocess
  insize=2357 outsize=1244 ok=1
Cmd: preprocess
  insize=32729 outsize=325 ok=1
Cmd: preprocess
  insize=5397 outsize=763 ok=1
Cmd: preprocess
  insize=1351 outsize=381 ok=1
Cmd: preprocess
  insize=2389 outsize=696 ok=1
Cmd: preprocess
  insize=3999 outsize=607 ok=1
Cmd: preprocess
  insize=6632 outsize=721 ok=1
Cmd: compileSnippet
  error: 2 plat 4 at (42): failed to open source file: 'frag_ao.cginc'\nCompiling Vertex program
Platform defines: UNITY_ENABLE_REFLECTION_BUFFERS UNITY_USE_DITHER_MASK_FOR_ALPHABLENDED_SHADOWS UNITY_PBS_USE_BRDF1 UNITY_SPECCUBE_BOX_PROJECTION UNITY_SPECCUBE_BLENDING UNITY_ENABLE_DETAIL_NORMALMAP SHADER_API_DESKTOP UNITY_COLORSPACE_GAMMA UNITY_LIGHT_PROBE_PROXY_VOLUME UNITY_LIGHTMAP_FULL_HDR
  api=4 type=0 insize=1967 outsize=0 kw= pd=UNITY_ENABLE_REFLECTION_BUFFERS UNITY_USE_DITHER_MASK_FOR_ALPHABLENDED_SHADOWS UNITY_PBS_USE_BRDF1 UNITY_SPECCUBE_BOX_PROJECTION UNITY_SPECCUBE_BLENDING UNITY_ENABLE_DETAIL_NORMALMAP SHADER_API_DESKTOP UNITY_COLORSPACE_GAMMA UNITY_LIGHT_PROBE_PROXY_VOLUME UNITY_LIGHTMAP_FULL_HDR ok=0
Cmd: preprocess
  insize=1318 outsize=461 ok=1
Cmd: preprocess
  insize=2718 outsize=729 ok=1
Cmd: preprocess
  insize=1820 outsize=349 ok=1
Cmd: preprocess
  insize=4930 outsize=940 ok=1
Cmd: preprocess
  insize=1002 outsize=406 ok=1
Cmd: preprocess
  insize=1048 outsize=323 ok=1
Cmd: preprocess
  insize=1163 outsize=541 ok=1
Cmd: preprocess
  insize=1989 outsize=454 ok=1
Cmd: preprocess
  insize=1256 outsize=366 ok=1
Cmd: preprocess
  insize=13916 outsize=1887 ok=1
Cmd: preprocess
  insize=11529 outsize=2550 ok=1
Cmd: preprocess
  insize=1109 outsize=403 ok=1
Cmd: preprocess
  insize=5232 outsize=1792 ok=1
Cmd: preprocess
  insize=956 outsize=352 ok=1
Cmd: preprocess
  insize=1296 outsize=441 ok=1
Cmd: preprocess
  insize=1051 outsize=357 ok=1
Cmd: preprocess
  insize=1083 outsize=301 ok=1
Cmd: preprocess
  insize=1060 outsize=490 ok=1
Cmd: preprocess
  insize=738 outsize=235 ok=1
Cmd: preprocess
  insize=1206 outsize=477 ok=1
Cmd: preprocess
  insize=657 outsize=311 ok=1
Cmd: preprocess
  insize=1374 outsize=463 ok=1
Cmd: preprocess
  insize=1460 outsize=435 ok=1
Cmd: preprocess
  insize=1792 outsize=780 ok=1
Cmd: preprocess
  insize=1420 outsize=314 ok=1
Cmd: preprocess
  insize=790 outsize=288 ok=1
Cmd: preprocess
  insize=1121 outsize=410 ok=1
Cmd: preprocess
  insize=807 outsize=366 ok=1
Cmd: preprocess
  insize=1089 outsize=367 ok=1
Cmd: preprocess
  insize=6533 outsize=887 ok=1
Cmd: preprocess
  insize=5439 outsize=1532 ok=1
Cmd: preprocess
  insize=13894 outsize=2325 ok=1
Cmd: preprocess
  insize=5835 outsize=1226 ok=1
Cmd: preprocess
  insize=1775 outsize=354 ok=1
Cmd: preprocess
  insize=2225 outsize=1002 ok=1
Cmd: preprocess
  insize=1422 outsize=348 ok=1
Cmd: preprocess
  insize=5360 outsize=812 ok=1
Cmd: preprocess
  insize=1292 outsize=478 ok=1
Cmd: preprocess
  insize=2033 outsize=510 ok=1
Cmd: preprocess
  insize=721 outsize=285 ok=1
Cmd: preprocess
  insize=3698 outsize=700 ok=1
Cmd: preprocess
  insize=6372 outsize=677 ok=1
Cmd: preprocess
  insize=683 outsize=683 ok=1
Cmd: preprocess
  insize=5919 outsize=797 ok=1
Cmd: preprocess
  insize=1810 outsize=735 ok=1
Cmd: preprocess
  insize=3038 outsize=707 ok=1
Cmd: preprocess
  insize=27352 outsize=4044 ok=1
Cmd: preprocess
  insize=9821 outsize=841 ok=1
Cmd: preprocess
  insize=1486 outsize=398 ok=1
Cmd: preprocess
  insize=6884 outsize=306 ok=1
Cmd: preprocess
  insize=1768 outsize=404 ok=1
Cmd: preprocess
  insize=586 outsize=328 ok=1
Cmd: preprocess
  insize=5713 outsize=683 ok=1
Cmd: preprocess
  insize=4611 outsize=574 ok=1
Cmd: preprocess
  insize=32719 outsize=325 ok=1
Cmd: preprocess
  insize=7340 outsize=782 ok=1
